23
/mnt/spinoff/SONGS/comfort zone/1.00 - Begin Nightmare.flac
/mnt/spinoff/SONGS/comfort zone/1.01 - Mirrored Guilt.flac
/mnt/spinoff/SONGS/comfort zone/1.02 - Arrival.flac
/mnt/spinoff/SONGS/comfort zone/1.02 - Mary's Invitation.flac
/mnt/spinoff/SONGS/comfort zone/1.02 - Title Screen.flac
/mnt/spinoff/SONGS/comfort zone/1.03 - Led into Madness.flac
/mnt/spinoff/SONGS/comfort zone/1.03 - Save Screen.flac
/mnt/spinoff/SONGS/comfort zone/1.03 - Wishful Thinking.flac
/mnt/spinoff/SONGS/comfort zone/1.04 - Begin Nightmare.flac
/mnt/spinoff/SONGS/comfort zone/1.04 - Meeting Cybil.flac
/mnt/spinoff/SONGS/comfort zone/1.04 - The Forest Trail.flac
/mnt/spinoff/SONGS/comfort zone/1.05 - No Dream.flac
/mnt/spinoff/SONGS/comfort zone/1.06 - Darkness Falls Again.flac
/mnt/spinoff/SONGS/comfort zone/1.06 - The Nightmare to Come.flac
/mnt/spinoff/SONGS/comfort zone/1.06 - Toluca Graveyard.flac
/mnt/spinoff/SONGS/comfort zone/1.07 - Lurking in the Fog.flac
/mnt/spinoff/SONGS/comfort zone/1.07 - Running in the Hallways.flac
/mnt/spinoff/SONGS/comfort zone/1.08 - The Clock Passage.flac
/mnt/spinoff/SONGS/comfort zone/1.09 - Midwich Nightmare.flac
/mnt/spinoff/SONGS/comfort zone/1.10 - The Beast.flac
/mnt/spinoff/SONGS/comfort zone/1.11 - Apparition.flac
/mnt/spinoff/SONGS/comfort zone/2.00 - Mansion Horrors.flac
/mnt/spinoff/SONGS/comfort zone/2.01 - Ditching the Detective.flac
/mnt/spinoff/SONGS/comfort zone/2.01 - Morning Recess.flac
/mnt/spinoff/SONGS/comfort zone/2.01 - The Stairwell.flac
/mnt/spinoff/SONGS/comfort zone/2.02 - Ominous Hallway.flac
/mnt/spinoff/SONGS/comfort zone/2.02 - The Witnesses Arrive.flac
/mnt/spinoff/SONGS/comfort zone/2.02 - Woman at the Altar.flac
/mnt/spinoff/SONGS/comfort zone/2.03 - Butterflies & Secrets.flac
/mnt/spinoff/SONGS/comfort zone/2.03 - Death.flac
/mnt/spinoff/SONGS/comfort zone/2.03 - Sermon.flac
/mnt/spinoff/SONGS/comfort zone/2.04 - Silent Streets.flac
/mnt/spinoff/SONGS/comfort zone/2.04 - The 3rd Floor.flac
/mnt/spinoff/SONGS/comfort zone/2.04 - The Calling.flac
/mnt/spinoff/SONGS/comfort zone/2.05 - Executioner's Handywork.flac
/mnt/spinoff/SONGS/comfort zone/2.05 - Mall Nightmare (Floor 1).flac
/mnt/spinoff/SONGS/comfort zone/2.05 - The Police Station.flac
/mnt/spinoff/SONGS/comfort zone/2.06 - Another Survivor.flac
/mnt/spinoff/SONGS/comfort zone/2.06 - Mall Nightmare (Floor 2).flac
/mnt/spinoff/SONGS/comfort zone/2.06 - Meeting Eddie.flac
/mnt/spinoff/SONGS/comfort zone/2.07 - Lair of the Black Worm.flac
/mnt/spinoff/SONGS/comfort zone/2.07 - No (Fire) Escape.flac
/mnt/spinoff/SONGS/comfort zone/2.08 - Alchemilla Echoes.flac
/mnt/spinoff/SONGS/comfort zone/2.08 - Puzzles, Ashes, & Ghosts.flac
/mnt/spinoff/SONGS/comfort zone/2.09 - Lost Innocence.flac
/mnt/spinoff/SONGS/comfort zone/2.09 - Subway Trouble.flac
/mnt/spinoff/SONGS/comfort zone/2.09 - The Generator.flac
/mnt/spinoff/SONGS/comfort zone/2.10 - Code Blue.flac
/mnt/spinoff/SONGS/comfort zone/2.10 - Pyramid Head's Lair.flac
/mnt/spinoff/SONGS/comfort zone/2.11 - Shadows in the Basement.flac
/mnt/spinoff/SONGS/comfort zone/2.12 - Rescued.flac
/mnt/spinoff/SONGS/comfort zone/2.13 - Dahlia's Guidance .flac
/mnt/spinoff/SONGS/comfort zone/3.01 - Combing Town West.flac
/mnt/spinoff/SONGS/comfort zone/3.01 - Path of Torment.flac
/mnt/spinoff/SONGS/comfort zone/3.01 - Terror in the Tunnels.flac
/mnt/spinoff/SONGS/comfort zone/3.02 - Cybil Returns.flac
/mnt/spinoff/SONGS/comfort zone/3.02 - Mary's Twin.flac
/mnt/spinoff/SONGS/comfort zone/3.02 - Tunnel Ambience.flac
/mnt/spinoff/SONGS/comfort zone/3.03 - Infested Sewer.flac
/mnt/spinoff/SONGS/comfort zone/3.03 - Pizza & Bowling.flac
/mnt/spinoff/SONGS/comfort zone/3.03 - Secret Shrine.flac
/mnt/spinoff/SONGS/comfort zone/3.04 - Heaven's Night.flac
/mnt/spinoff/SONGS/comfort zone/3.04 - Shopping Maul.flac
/mnt/spinoff/SONGS/comfort zone/3.05 - Wormsign.flac
/mnt/spinoff/SONGS/comfort zone/3.06 - Bad to Worse.flac
/mnt/spinoff/SONGS/comfort zone/3.07 - Another Way.flac
/mnt/spinoff/SONGS/comfort zone/3.08 - Before the Storm.flac
/mnt/spinoff/SONGS/comfort zone/3.09 - Floatstung.flac
/mnt/spinoff/SONGS/comfort zone/4.01 - Brookhaven Insanity.flac
/mnt/spinoff/SONGS/comfort zone/4.01 - Office Horrors.flac
/mnt/spinoff/SONGS/comfort zone/4.01 - The Sewer Passage.flac
/mnt/spinoff/SONGS/comfort zone/4.02 - Night Owl.flac
/mnt/spinoff/SONGS/comfort zone/4.02 - Nurse Piper.flac
/mnt/spinoff/SONGS/comfort zone/4.02 - Office Nightmare.flac
/mnt/spinoff/SONGS/comfort zone/4.03 - Laura.flac
/mnt/spinoff/SONGS/comfort zone/4.03 - Meeting Vincent.flac
/mnt/spinoff/SONGS/comfort zone/4.03 - Screamer's Revenge.flac
/mnt/spinoff/SONGS/comfort zone/4.04 - Bed-Head.flac
/mnt/spinoff/SONGS/comfort zone/4.04 - Monster at the Gate.flac
/mnt/spinoff/SONGS/comfort zone/4.04 - Rust & Darkness.flac
/mnt/spinoff/SONGS/comfort zone/4.05 - Nightmarehaven.flac
/mnt/spinoff/SONGS/comfort zone/4.05 - The Boat Meeting.flac
/mnt/spinoff/SONGS/comfort zone/4.06 - Hospital Predators.flac
/mnt/spinoff/SONGS/comfort zone/4.06 - Pier 666.flac
/mnt/spinoff/SONGS/comfort zone/4.07 - Running the Gantlet.flac
/mnt/spinoff/SONGS/comfort zone/4.07 - Sealed Fate.flac
/mnt/spinoff/SONGS/comfort zone/4.08 - Failing Maria.flac
/mnt/spinoff/SONGS/comfort zone/5.01 - A Sad Return Home.flac
/mnt/spinoff/SONGS/comfort zone/5.01 - The Tunnel Beckons.flac
/mnt/spinoff/SONGS/comfort zone/5.01 - Urgency.flac
/mnt/spinoff/SONGS/comfort zone/5.02 - Battle on the Rooftop.flac
/mnt/spinoff/SONGS/comfort zone/5.02 - Filth & Pain.flac
/mnt/spinoff/SONGS/comfort zone/5.02 - Prison of the Mind (Pt.1).flac
/mnt/spinoff/SONGS/comfort zone/5.03 - Bitter Tears.flac
/mnt/spinoff/SONGS/comfort zone/5.03 - Sickly Fairground.flac
/mnt/spinoff/SONGS/comfort zone/5.03 - The 1st Hole.flac
/mnt/spinoff/SONGS/comfort zone/5.04 - A Joyful Ride.flac
/mnt/spinoff/SONGS/comfort zone/5.04 - A Will for Revenge.flac
/mnt/spinoff/SONGS/comfort zone/5.04 - Prison of the Mind (Pt.2).flac
/mnt/spinoff/SONGS/comfort zone/5.05 - Carousel Battle.flac
/mnt/spinoff/SONGS/comfort zone/5.05 - The 2nd Hole.flac
/mnt/spinoff/SONGS/comfort zone/5.06 - Expelled.flac
/mnt/spinoff/SONGS/comfort zone/5.06 - Planning at the Motel.flac
/mnt/spinoff/SONGS/comfort zone/5.06 - Toluca Prison.flac
/mnt/spinoff/SONGS/comfort zone/5.07 - Confronting Alessa.flac
/mnt/spinoff/SONGS/comfort zone/5.07 - The 3rd Hole.flac
/mnt/spinoff/SONGS/comfort zone/5.08 - Dahlia's Turn.flac
/mnt/spinoff/SONGS/comfort zone/5.08 - The Prison Basement.flac
/mnt/spinoff/SONGS/comfort zone/5.09 - The 4th Hole.flac
/mnt/spinoff/SONGS/comfort zone/5.10 - Tormented Soul.flac
/mnt/spinoff/SONGS/comfort zone/5.11 - The 5th Hole.flac
/mnt/spinoff/SONGS/comfort zone/5.12 - The Labyrinth.flac
/mnt/spinoff/SONGS/comfort zone/5.13 - Daddy's Revenge.flac
/mnt/spinoff/SONGS/comfort zone/5.14 - Failing Maria Again.flac
/mnt/spinoff/SONGS/comfort zone/5.15 - Dueling with Eddie.flac
/mnt/spinoff/SONGS/comfort zone/6.01 - Arriving Nowhere.flac
/mnt/spinoff/SONGS/comfort zone/6.01 - Toluca Lake.flac
/mnt/spinoff/SONGS/comfort zone/6.01 - Town West.flac
/mnt/spinoff/SONGS/comfort zone/6.02 - Lakeview Hotel.flac
/mnt/spinoff/SONGS/comfort zone/6.02 - Lisa's Confession.flac
/mnt/spinoff/SONGS/comfort zone/6.02 - Return to Brookhaven.flac
/mnt/spinoff/SONGS/comfort zone/6.03 - A Call From Leonard.flac
/mnt/spinoff/SONGS/comfort zone/6.03 - Laura Plays the Piano.flac
/mnt/spinoff/SONGS/comfort zone/6.03 - Summoned.flac
/mnt/spinoff/SONGS/comfort zone/6.04 - Amalgam of Fear.flac
/mnt/spinoff/SONGS/comfort zone/6.04 - Bloody Hallways.flac
/mnt/spinoff/SONGS/comfort zone/6.04 - Music Box Melody.flac
/mnt/spinoff/SONGS/comfort zone/6.05 - Acceptance.flac
/mnt/spinoff/SONGS/comfort zone/6.05 - Kill Leonard.flac
/mnt/spinoff/SONGS/comfort zone/6.05 - True.flac
/mnt/spinoff/SONGS/comfort zone/6.06 - Ashes and Tears.flac
/mnt/spinoff/SONGS/comfort zone/6.06 - Leonard's Seal.flac
/mnt/spinoff/SONGS/comfort zone/6.06 - Tears of Blood.flac
/mnt/spinoff/SONGS/comfort zone/6.07 - Basement Dwellers.flac
/mnt/spinoff/SONGS/comfort zone/6.07 - Further Down.flac
/mnt/spinoff/SONGS/comfort zone/6.07 - Uninvited Guests.flac
/mnt/spinoff/SONGS/comfort zone/6.08 - Angela's Hell.flac
/mnt/spinoff/SONGS/comfort zone/6.08 - Disruption of Order.flac
/mnt/spinoff/SONGS/comfort zone/6.08 - Shedded Light.flac
/mnt/spinoff/SONGS/comfort zone/6.09 - Ringing of Chaos Bells.flac
/mnt/spinoff/SONGS/comfort zone/6.09 - The Final Lock.flac
/mnt/spinoff/SONGS/comfort zone/6.09 - Warped Heart.flac
/mnt/spinoff/SONGS/comfort zone/6.10 - Forced Attrition.flac
/mnt/spinoff/SONGS/comfort zone/6.10 - Metamorphosis.flac
/mnt/spinoff/SONGS/comfort zone/6.11 - Incubus.flac
/mnt/spinoff/SONGS/comfort zone/7.01 - Alessa's Gift.flac
/mnt/spinoff/SONGS/comfort zone/7.01 - Confronting the Beast.flac
/mnt/spinoff/SONGS/comfort zone/7.01 - The Real Nightmare.flac
/mnt/spinoff/SONGS/comfort zone/7.02 - Peace & Serenity.flac
/mnt/spinoff/SONGS/comfort zone/7.02 - Running Out.flac
/mnt/spinoff/SONGS/comfort zone/7.03 - Borley Haunted Mansion.flac
/mnt/spinoff/SONGS/comfort zone/7.03 - Pianissimo Epilogue.flac
/mnt/spinoff/SONGS/comfort zone/7.03 - Tears of....flac
/mnt/spinoff/SONGS/comfort zone/7.04 - New Life.flac
/mnt/spinoff/SONGS/comfort zone/7.04 - Save Me.flac
/mnt/spinoff/SONGS/comfort zone/7.05 - Ghostly Amusement Park.flac
/mnt/spinoff/SONGS/comfort zone/7.06 - Fair Game.flac
/mnt/spinoff/SONGS/comfort zone/7.08 - Meet Yourself.flac
/mnt/spinoff/SONGS/comfort zone/7.09 - Fight Yourself.flac
/mnt/spinoff/SONGS/comfort zone/8.01 - Azusa Igo.flac
/mnt/spinoff/SONGS/comfort zone/8.02 - The Dirty Lift.flac
/mnt/spinoff/SONGS/comfort zone/8.04 - Dimented Passages.flac
/mnt/spinoff/SONGS/comfort zone/8.05 - Beyond Alessa's Door.flac
/mnt/spinoff/SONGS/comfort zone/8.07 - Claudia's Sacrifice.flac
/mnt/spinoff/SONGS/comfort zone/8.08 - Uneternal Sleep.flac
/mnt/spinoff/SONGS/comfort zone/8.09 - The Final Battle.flac
/mnt/spinoff/SONGS/comfort zone/8.10 - Memory of the Waters.flac
/mnt/spinoff/SONGS/comfort zone/8.11 - Cheryl the Blonde.flac
/mnt/spinoff/SONGS/comfort zone/8.14 - Casual Background.flac
/mnt/spinoff/SONGS/comfort zone/9.01 - Rain of Brass Petals (Extended).flac
/mnt/spinoff/SONGS/comfort zone/9.02 - No Excuses.flac
/mnt/spinoff/SONGS/comfort zone/9.03 - I've Been Losing You.flac
/mnt/spinoff/SONGS/The Crystal Method - Born Too Slow (Deepsky_s Green Absinthe Dub)(MP3_160K).mp3
